# Integrity validation after workaround
casc_ok
2
rest_ok
1
null_ok1
2
null_ok0
0

# Full state check:
+--------------------+
| VERSION()          |
+--------------------+
| 8.0.11-TiDB-v8.5.4 |
+--------------------+
+------------------+---------+---------+---------+---------+---------+---------+--------------+
| tag              | casc_p1 | casc_p2 | rest_p1 | rest_p2 | null_p1 | null_p2 | null_is_null |
+------------------+---------+---------+---------+---------+---------+---------+--------------+
| COUNTS_BY_PARENT |       2 |       1 |       1 |       1 |       2 |       1 |            0 |
+------------------+---------+---------+---------+---------+---------+---------+--------------+
+---------------+----+-----------+---------+
| _table        | id | parent_id | payload |
+---------------+----+-----------+---------+
| child_cascade |  1 |         1 | c1a     |
| child_cascade |  2 |         1 | c1b     |
+---------------+----+-----------+---------+
+----------------+----+-----------+---------+
| _table         | id | parent_id | payload |
+----------------+----+-----------+---------+
| child_restrict |  1 |         1 | r1a     |
+----------------+----+-----------+---------+
+---------------+----+-----------+---------+
| _table        | id | parent_id | payload |
+---------------+----+-----------+---------+
| child_setnull |  1 |         1 | n1a     |
| child_setnull |  2 |         1 | n1b     |
+---------------+----+-----------+---------+
+--------+----+----------+
| _table | id | note     |
+--------+----+----------+
| parent |  1 | p1:u2    |
| parent |  2 | p2:u1:u3 |
+--------+----+----------+
